Flow report for vecinos
Thu Nov 28 11:36:09 2024
Quartus II 64-Bit Version 13.0.1 Build 232 06/12/2013 Service Pack 1 SJ Web Edition


---------------------
; Table of Contents ;
---------------------
  1. Legal Notice
  2. Flow Summary
  3. Flow Settings
  4. Flow Non-Default Global Settings
  5. Flow Elapsed Time
  6. Flow OS Summary
  7. Flow Log
  8. Flow Messages
  9. Flow Suppressed Messages



----------------
; Legal Notice ;
----------------
Copyright (C) 1991-2013 Altera Corporation
Your use of Altera Corporation's design tools, logic functions 
and other software and tools, and its AMPP partner logic 
functions, and any output files from any of the foregoing 
(including device programming or simulation files), and any 
associated documentation or information are expressly subject 
to the terms and conditions of the Altera Program License 
Subscription Agreement, Altera MegaCore Function License 
Agreement, or other applicable license agreement, including, 
without limitation, that your use is for the sole purpose of 
programming logic devices manufactured by Altera and sold by 
Altera or its authorized distributors.  Please refer to the 
applicable agreement for further details.



+--------------------------------------------------------------------------------------+
; Flow Summary                                                                         ;
+------------------------------------+-------------------------------------------------+
; Flow Status                        ; Successful - Thu Nov 28 11:36:09 2024           ;
; Quartus II 64-Bit Version          ; 13.0.1 Build 232 06/12/2013 SP 1 SJ Web Edition ;
; Revision Name                      ; vecinos                                         ;
; Top-level Entity Name              ; controlgeneralversion3_4                        ;
; Family                             ; Cyclone IV E                                    ;
; Device                             ; EP4CE22F17C6                                    ;
; Timing Models                      ; Final                                           ;
; Total logic elements               ; 215 / 22,320 ( < 1 % )                          ;
;     Total combinational functions  ; 215 / 22,320 ( < 1 % )                          ;
;     Dedicated logic registers      ; 60 / 22,320 ( < 1 % )                           ;
; Total registers                    ; 60                                              ;
; Total pins                         ; 26 / 154 ( 17 % )                               ;
; Total virtual pins                 ; 0                                               ;
; Total memory bits                  ; 0 / 608,256 ( 0 % )                             ;
; Embedded Multiplier 9-bit elements ; 0 / 132 ( 0 % )                                 ;
; Total PLLs                         ; 0 / 4 ( 0 % )                                   ;
+------------------------------------+-------------------------------------------------+


+-----------------------------------------+
; Flow Settings                           ;
+-------------------+---------------------+
; Option            ; Setting             ;
+-------------------+---------------------+
; Start date & time ; 11/28/2024 11:30:49 ;
; Main task         ; Compilation         ;
; Revision Name     ; vecinos             ;
+-------------------+---------------------+


+-----------------------------------------------------------------------------------------------------------------------------------+
; Flow Non-Default Global Settings                                                                                                  ;
+-------------------------------------+---------------------------------+---------------+--------------------------+----------------+
; Assignment Name                     ; Value                           ; Default Value ; Entity Name              ; Section Id     ;
+-------------------------------------+---------------------------------+---------------+--------------------------+----------------+
; COMPILER_SIGNATURE_ID               ; 141734670808418.173280424912412 ; --            ; --                       ; --             ;
; EDA_GENERATE_FUNCTIONAL_NETLIST     ; On                              ; --            ; --                       ; eda_simulation ;
; EDA_OUTPUT_DATA_FORMAT              ; Verilog Hdl                     ; --            ; --                       ; eda_simulation ;
; EDA_SIMULATION_TOOL                 ; ModelSim-Altera (Verilog)       ; <None>        ; --                       ; --             ;
; MAX_CORE_JUNCTION_TEMP              ; 85                              ; --            ; --                       ; --             ;
; MIN_CORE_JUNCTION_TEMP              ; 0                               ; --            ; --                       ; --             ;
; NOMINAL_CORE_SUPPLY_VOLTAGE         ; 1.2V                            ; --            ; --                       ; --             ;
; PARTITION_COLOR                     ; 16764057                        ; --            ; controlgeneralversion3_4 ; Top            ;
; PARTITION_FITTER_PRESERVATION_LEVEL ; PLACEMENT_AND_ROUTING           ; --            ; controlgeneralversion3_4 ; Top            ;
; PARTITION_NETLIST_TYPE              ; SOURCE                          ; --            ; controlgeneralversion3_4 ; Top            ;
; PROJECT_OUTPUT_DIRECTORY            ; output_files                    ; --            ; --                       ; --             ;
; TOP_LEVEL_ENTITY                    ; controlgeneralversion3_4        ; vecinos       ; --                       ; --             ;
+-------------------------------------+---------------------------------+---------------+--------------------------+----------------+


+-------------------------------------------------------------------------------------------------------------------------------+
; Flow Elapsed Time                                                                                                             ;
+---------------------------+--------------+-------------------------+---------------------+------------------------------------+
; Module Name               ; Elapsed Time ; Average Processors Used ; Peak Virtual Memory ; Total CPU Time (on all processors) ;
+---------------------------+--------------+-------------------------+---------------------+------------------------------------+
; Analysis & Synthesis      ; 00:00:06     ; 1.0                     ; 4621 MB             ; 00:00:04                           ;
; Fitter                    ; 00:00:18     ; 1.0                     ; 4928 MB             ; 00:00:14                           ;
; Assembler                 ; 00:00:03     ; 1.0                     ; 4539 MB             ; 00:00:03                           ;
; TimeQuest Timing Analyzer ; 00:00:05     ; 1.0                     ; 4623 MB             ; 00:00:04                           ;
; EDA Netlist Writer        ; 00:00:01     ; 1.0                     ; 4502 MB             ; 00:00:01                           ;
; EDA Netlist Writer        ; 00:00:01     ; 1.0                     ; 4505 MB             ; 00:00:01                           ;
; EDA Netlist Writer        ; 00:00:01     ; 1.0                     ; 4505 MB             ; 00:00:01                           ;
; EDA Netlist Writer        ; 00:00:01     ; 1.0                     ; 4505 MB             ; 00:00:01                           ;
; EDA Netlist Writer        ; 00:00:01     ; 1.0                     ; 4505 MB             ; 00:00:01                           ;
; EDA Netlist Writer        ; 00:00:02     ; 1.0                     ; 4505 MB             ; 00:00:01                           ;
; Total                     ; 00:00:39     ; --                      ; --                  ; 00:00:31                           ;
+---------------------------+--------------+-------------------------+---------------------+------------------------------------+


+----------------------------------------------------------------------------------------+
; Flow OS Summary                                                                        ;
+---------------------------+------------------+-----------+------------+----------------+
; Module Name               ; Machine Hostname ; OS Name   ; OS Version ; Processor type ;
+---------------------------+------------------+-----------+------------+----------------+
; Analysis & Synthesis      ; DESKTOP-1QB5JJJ  ; Windows 7 ; 6.2        ; x86_64         ;
; Fitter                    ; DESKTOP-1QB5JJJ  ; Windows 7 ; 6.2        ; x86_64         ;
; Assembler                 ; DESKTOP-1QB5JJJ  ; Windows 7 ; 6.2        ; x86_64         ;
; TimeQuest Timing Analyzer ; DESKTOP-1QB5JJJ  ; Windows 7 ; 6.2        ; x86_64         ;
; EDA Netlist Writer        ; DESKTOP-1QB5JJJ  ; Windows 7 ; 6.2        ; x86_64         ;
; EDA Netlist Writer        ; DESKTOP-1QB5JJJ  ; Windows 7 ; 6.2        ; x86_64         ;
; EDA Netlist Writer        ; DESKTOP-1QB5JJJ  ; Windows 7 ; 6.2        ; x86_64         ;
; EDA Netlist Writer        ; DESKTOP-1QB5JJJ  ; Windows 7 ; 6.2        ; x86_64         ;
; EDA Netlist Writer        ; DESKTOP-1QB5JJJ  ; Windows 7 ; 6.2        ; x86_64         ;
; EDA Netlist Writer        ; DESKTOP-1QB5JJJ  ; Windows 7 ; 6.2        ; x86_64         ;
+---------------------------+------------------+-----------+------------+----------------+


------------
; Flow Log ;
------------
quartus_map --read_settings_files=on --write_settings_files=off vecinos -c vecinos
quartus_fit --read_settings_files=off --write_settings_files=off vecinos -c vecinos
quartus_asm --read_settings_files=off --write_settings_files=off vecinos -c vecinos
quartus_sta vecinos -c vecinos
quartus_eda --read_settings_files=off --write_settings_files=off vecinos -c vecinos
quartus_eda --gen_testbench --check_outputs=on --tool=modelsim_oem --format=verilog vecinos -c vecinos --vector_source=F:/Users/Administrador/Documents/GitHub/vecinos/Waveform1.vwf --testbench_file=./simulation/qsim/vecinos.vt
quartus_eda --gen_testbench --check_outputs=on --tool=modelsim_oem --format=verilog vecinos -c vecinos --vector_source=F:/Users/Administrador/Documents/GitHub/vecinos/Waveform1.vwf --testbench_file=./simulation/qsim/vecinos.vt
quartus_eda --functional=on --simulation=on --tool=modelsim_oem --format=verilog vecinos -c vecinos
quartus_eda --gen_testbench --check_outputs=on --tool=modelsim_oem --format=verilog vecinos -c vecinos --vector_source=F:/Users/Administrador/Documents/GitHub/vecinos/Waveform1.vwf --testbench_file=./simulation/qsim/vecinos.vt
quartus_eda --functional=on --simulation=on --tool=modelsim_oem --format=verilog vecinos -c vecinos



